{
  "stats": {
    "suites": 1,
    "tests": 1,
    "passes": 0,
    "pending": 0,
    "failures": 1,
    "start": "2025-12-14T04:14:47.917Z",
    "end": "2025-12-14T04:14:48.787Z",
    "duration": 870,
    "testsRegistered": 11,
    "passPercent": 0,
    "pendingPercent": 0,
    "other": 0,
    "hasOther": false,
    "skipped": 10,
    "hasSkipped": true
  },
  "results": [
    {
      "uuid": "051a9092-76df-41b1-93e4-2783ae4ffddf",
      "title": "",
      "fullFile": "cypress/e2e/admin-project-creation.cy.js",
      "file": "cypress/e2e/admin-project-creation.cy.js",
      "beforeHooks": [],
      "afterHooks": [],
      "tests": [],
      "suites": [
        {
          "uuid": "1ed4108f-54c7-4b22-af8a-43437b4b085c",
          "title": "Admin Project Creation",
          "fullFile": "",
          "file": "",
          "beforeHooks": [],
          "afterHooks": [],
          "tests": [
            {
              "title": "should show admin navigation links when logged in as admin",
              "fullTitle": "Admin Project Creation should show admin navigation links when logged in as admin",
              "timedOut": null,
              "duration": 844,
              "state": "failed",
              "speed": null,
              "pass": false,
              "fail": true,
              "pending": false,
              "context": null,
              "code": "cy.visit('/');\n// Check for admin-specific navigation items\ncy.get('nav').should('be.visible');\ncy.contains('Contacts').should('be.visible');\ncy.contains('Projects').should('be.visible');\ncy.contains('Education').should('be.visible');",
              "err": {
                "message": "CypressError: `cy.request()` failed trying to load:\n\nhttp://localhost:5001/api/users/login\n\nWe attempted to make an http request to this URL but the request failed without a response.\n\nWe received this error at the network level:\n\n  > AggregateError\n\n-----------------------------------------------------------\n\nThe request we sent was:\n\nMethod: POST\nURL: http://localhost:5001/api/users/login\n\n-----------------------------------------------------------\n\nCommon situations why this would fail:\n  - you don't have internet access\n  - you forgot to run / boot your web server\n  - your web server isn't accessible\n  - you have weird network configuration settings on your computer\n\nhttps://on.cypress.io/request\n\nBecause this error occurred during a `before each` hook we are skipping the remaining tests in the current suite: `Admin Project Creation`",
                "estack": "CypressError: `cy.request()` failed trying to load:\n\nhttp://localhost:5001/api/users/login\n\nWe attempted to make an http request to this URL but the request failed without a response.\n\nWe received this error at the network level:\n\n  > AggregateError\n\n-----------------------------------------------------------\n\nThe request we sent was:\n\nMethod: POST\nURL: http://localhost:5001/api/users/login\n\n-----------------------------------------------------------\n\nCommon situations why this would fail:\n  - you don't have internet access\n  - you forgot to run / boot your web server\n  - your web server isn't accessible\n  - you have weird network configuration settings on your computer\n\nhttps://on.cypress.io/request\n\nBecause this error occurred during a `before each` hook we are skipping the remaining tests in the current suite: `Admin Project Creation`\n    at <unknown> (http://localhost:3000/__cypress/runner/cypress_runner.js:135944:70)\n    at tryCatcher (http://localhost:3000/__cypress/runner/cypress_runner.js:1777:23)\n    at <unknown> (http://localhost:3000/__cypress/runner/cypress_runner.js:4173:37)\n    at tryCatcher (http://localhost:3000/__cypress/runner/cypress_runner.js:1777:23)\n    at Promise._settlePromiseFromHandler (http://localhost:3000/__cypress/runner/cypress_runner.js:1489:31)\n    at Promise._settlePromise (http://localhost:3000/__cypress/runner/cypress_runner.js:1546:18)\n    at Promise._settlePromise0 (http://localhost:3000/__cypress/runner/cypress_runner.js:1591:10)\n    at Promise._settlePromises (http://localhost:3000/__cypress/runner/cypress_runner.js:1667:18)\n    at _drainQueueStep (http://localhost:3000/__cypress/runner/cypress_runner.js:2377:12)\n    at _drainQueue (http://localhost:3000/__cypress/runner/cypress_runner.js:2370:9)\n    at Async._drainQueues (http://localhost:3000/__cypress/runner/cypress_runner.js:2386:5)\n    at Async.drainQueues (http://localhost:3000/__cypress/runner/cypress_runner.js:2256:14)\nFrom Your Spec Code:\n    at Context.eval (webpack://react-portfolio-client/./cypress/support/commands.js:12:5)\n    at wrapped (http://localhost:3000/__cypress/runner/cypress_runner.js:145810:43)\n\nFrom Node.js Internals:\n  RequestError: AggregateError\n      at new r (<embedded>:251:403759)\n      at ee.callback (<embedded>:251:409760)\n      at e.callback.s.callback [as _callback] (<embedded>:251:409206)\n      at s._callback.s.callback.s.callback (<embedded>:314:107368)\n      at ee.emit (node:events:519:28)\n      at ee.onRequestError (<embedded>:314:116310)\n      at ClientRequest.emit (node:events:531:35)\n      at emitErrorEvent (node:_http_client:105:11)\n      at Socket.socketErrorListener (node:_http_client:518:5)\n      at Socket.emit (node:events:519:28)\n      at emitErrorNT (node:internal/streams/destroy:170:8)\n      at emitErrorCloseNT (node:internal/streams/destroy:129:3)\n      at process.processTicksAndRejections (node:internal/process/task_queues:90:21)",
                "diff": null
              },
              "uuid": "633a45c5-00aa-4a4e-8c0d-11f5100c4175",
              "parentUUID": "1ed4108f-54c7-4b22-af8a-43437b4b085c",
              "isHook": false,
              "skipped": false
            },
            {
              "title": "should navigate to projects list page",
              "fullTitle": "Admin Project Creation should navigate to projects list page",
              "timedOut": null,
              "duration": 0,
              "state": "skipped",
              "speed": null,
              "pass": false,
              "fail": false,
              "pending": false,
              "context": null,
              "code": "cy.visit('/');\ncy.contains('Projects').click();\ncy.url().should('include', '/projects-list');\ncy.contains(/projects|manage projects/i).should('be.visible');",
              "err": {},
              "uuid": "b2f991cb-ff1b-4883-9d4c-b34ee39f39cc",
              "parentUUID": "1ed4108f-54c7-4b22-af8a-43437b4b085c",
              "isHook": false,
              "skipped": true
            },
            {
              "title": "should show add project button for admin",
              "fullTitle": "Admin Project Creation should show add project button for admin",
              "timedOut": null,
              "duration": 0,
              "state": "skipped",
              "speed": null,
              "pass": false,
              "fail": false,
              "pending": false,
              "context": null,
              "code": "cy.visit('/projects-list');\ncy.contains(/add project|new project|\\+ project/i).should('be.visible');",
              "err": {},
              "uuid": "b2ca5b92-55ad-4dd1-bb56-5f4a4e69e141",
              "parentUUID": "1ed4108f-54c7-4b22-af8a-43437b4b085c",
              "isHook": false,
              "skipped": true
            },
            {
              "title": "should navigate to project creation form",
              "fullTitle": "Admin Project Creation should navigate to project creation form",
              "timedOut": null,
              "duration": 0,
              "state": "skipped",
              "speed": null,
              "pass": false,
              "fail": false,
              "pending": false,
              "context": null,
              "code": "cy.visit('/projects-list');\ncy.contains(/add project|new project|\\+ project/i).click();\ncy.url().should('include', '/projects/new');\ncy.contains(/create project|add project|new project/i).should('be.visible');",
              "err": {},
              "uuid": "531e774a-c0a7-47fe-9b1e-1129639597db",
              "parentUUID": "1ed4108f-54c7-4b22-af8a-43437b4b085c",
              "isHook": false,
              "skipped": true
            },
            {
              "title": "should display validation errors for empty project form",
              "fullTitle": "Admin Project Creation should display validation errors for empty project form",
              "timedOut": null,
              "duration": 0,
              "state": "skipped",
              "speed": null,
              "pass": false,
              "fail": false,
              "pending": false,
              "context": null,
              "code": "cy.visit('/projects/new');\n// Try to submit empty form\ncy.get('form').within(() => {\n  cy.get('button[type=\"submit\"]').click();\n});\n// Check for validation errors\ncy.contains(/required/i, {\n  timeout: 5000\n}).should('be.visible');",
              "err": {},
              "uuid": "b35f0a3c-4059-44dd-a58a-c5e0b8aadffd",
              "parentUUID": "1ed4108f-54c7-4b22-af8a-43437b4b085c",
              "isHook": false,
              "skipped": true
            },
            {
              "title": "should successfully create a new project",
              "fullTitle": "Admin Project Creation should successfully create a new project",
              "timedOut": null,
              "duration": 0,
              "state": "skipped",
              "speed": null,
              "pass": false,
              "fail": false,
              "pending": false,
              "context": null,
              "code": "const timestamp = Date.now();\nconst projectTitle = `Test Project ${timestamp}`;\nconst projectDescription = `This is a test project description created at ${timestamp}`;\ncy.visit('/projects/new');\n// Fill in the project form\ncy.get('input[name=\"title\"]').type(projectTitle);\ncy.get('input[name=\"firstname\"]').type('John');\ncy.get('input[name=\"lastname\"]').type('Doe');\ncy.get('input[name=\"completion\"]').type('2024-12-31');\ncy.get('textarea[name=\"description\"]').type(projectDescription);\n// Submit the form\ncy.get('form').within(() => {\n  cy.get('button[type=\"submit\"]').click();\n});\n// Wait for successful creation and redirect\ncy.url().should('include', '/projects-list', {\n  timeout: 10000\n});\n// Verify project appears in the list\ncy.contains(projectTitle).should('be.visible');",
              "err": {},
              "uuid": "db385476-6545-4cd5-ac27-43b37dfc6b78",
              "parentUUID": "1ed4108f-54c7-4b22-af8a-43437b4b085c",
              "isHook": false,
              "skipped": true
            },
            {
              "title": "should show edit and delete buttons for projects when admin",
              "fullTitle": "Admin Project Creation should show edit and delete buttons for projects when admin",
              "timedOut": null,
              "duration": 0,
              "state": "skipped",
              "speed": null,
              "pass": false,
              "fail": false,
              "pending": false,
              "context": null,
              "code": "// First create a project\nconst timestamp = Date.now();\nconst projectTitle = `Project to Edit ${timestamp}`;\ncy.visit('/projects/new');\ncy.get('input[name=\"title\"]').type(projectTitle);\ncy.get('input[name=\"firstname\"]').type('John');\ncy.get('input[name=\"lastname\"]').type('Doe');\ncy.get('input[name=\"completion\"]').type('2024-12-31');\ncy.get('textarea[name=\"description\"]').type('Test description');\ncy.get('form').within(() => {\n  cy.get('button[type=\"submit\"]').click();\n});\ncy.url().should('include', '/projects-list', {\n  timeout: 10000\n});\n// Check for edit and delete buttons\ncy.contains(projectTitle).parent().within(() => {\n  cy.get('button[title=\"Edit\"], button[aria-label*=\"edit\" i]').should('exist');\n  cy.get('button[title=\"Delete\"], button[aria-label*=\"delete\" i]').should('exist');\n});",
              "err": {},
              "uuid": "3ad01c87-188a-4d11-9ef3-1d6d14d8e4e7",
              "parentUUID": "1ed4108f-54c7-4b22-af8a-43437b4b085c",
              "isHook": false,
              "skipped": true
            },
            {
              "title": "should allow admin to edit a project",
              "fullTitle": "Admin Project Creation should allow admin to edit a project",
              "timedOut": null,
              "duration": 0,
              "state": "skipped",
              "speed": null,
              "pass": false,
              "fail": false,
              "pending": false,
              "context": null,
              "code": "// Create a project first\nconst timestamp = Date.now();\nconst originalTitle = `Original Title ${timestamp}`;\nconst updatedTitle = `Updated Title ${timestamp}`;\ncy.visit('/projects/new');\ncy.get('input[name=\"title\"]').type(originalTitle);\ncy.get('input[name=\"firstname\"]').type('John');\ncy.get('input[name=\"lastname\"]').type('Doe');\ncy.get('input[name=\"completion\"]').type('2024-12-31');\ncy.get('textarea[name=\"description\"]').type('Original description');\ncy.get('form').within(() => {\n  cy.get('button[type=\"submit\"]').click();\n});\ncy.url().should('include', '/projects-list', {\n  timeout: 10000\n});\n// Click edit button\ncy.contains(originalTitle).parent().within(() => {\n  cy.get('button[title=\"Edit\"], button[aria-label*=\"edit\" i]').click();\n});\n// Should navigate to edit page\ncy.url().should('include', '/projects/edit/', {\n  timeout: 10000\n});\n// Update the title\ncy.get('input[name=\"title\"]').clear().type(updatedTitle);\n// Submit the form\ncy.get('form').within(() => {\n  cy.get('button[type=\"submit\"]').click();\n});\n// Should redirect back to projects list\ncy.url().should('include', '/projects-list', {\n  timeout: 10000\n});\n// Verify updated title appears\ncy.contains(updatedTitle).should('be.visible');",
              "err": {},
              "uuid": "d6363bf0-7d34-417c-9e83-3802921551dd",
              "parentUUID": "1ed4108f-54c7-4b22-af8a-43437b4b085c",
              "isHook": false,
              "skipped": true
            },
            {
              "title": "should allow admin to delete a project",
              "fullTitle": "Admin Project Creation should allow admin to delete a project",
              "timedOut": null,
              "duration": 0,
              "state": "skipped",
              "speed": null,
              "pass": false,
              "fail": false,
              "pending": false,
              "context": null,
              "code": "// Create a project first\nconst timestamp = Date.now();\nconst projectTitle = `Project to Delete ${timestamp}`;\ncy.visit('/projects/new');\ncy.get('input[name=\"title\"]').type(projectTitle);\ncy.get('input[name=\"firstname\"]').type('John');\ncy.get('input[name=\"lastname\"]').type('Doe');\ncy.get('input[name=\"completion\"]').type('2024-12-31');\ncy.get('textarea[name=\"description\"]').type('This project will be deleted');\ncy.get('form').within(() => {\n  cy.get('button[type=\"submit\"]').click();\n});\ncy.url().should('include', '/projects-list', {\n  timeout: 10000\n});\n// Verify project exists\ncy.contains(projectTitle).should('be.visible');\n// Click delete button and confirm\ncy.contains(projectTitle).parent().within(() => {\n  cy.get('button[title=\"Delete\"], button[aria-label*=\"delete\" i]').click();\n});\n// Confirm deletion in alert/confirm dialog\ncy.on('window:confirm', str => {\n  expect(str).to.include('delete');\n  return true;\n});\n// Wait for deletion to complete\ncy.contains(projectTitle).should('not.exist', {\n  timeout: 10000\n});",
              "err": {},
              "uuid": "2eb45ae6-2722-44a8-b992-c5d5841d72b3",
              "parentUUID": "1ed4108f-54c7-4b22-af8a-43437b4b085c",
              "isHook": false,
              "skipped": true
            },
            {
              "title": "should not show admin controls for regular users",
              "fullTitle": "Admin Project Creation should not show admin controls for regular users",
              "timedOut": null,
              "duration": 0,
              "state": "skipped",
              "speed": null,
              "pass": false,
              "fail": false,
              "pending": false,
              "context": null,
              "code": "// Logout admin\ncy.logout();\n// Register and login as regular user\nconst timestamp = Date.now();\nconst email = `regularuser${timestamp}@example.com`;\ncy.register(`Regular User ${timestamp}`, email, 'password123');\ncy.visit('/projects-list');\n// Regular users should not see add/edit/delete buttons\ncy.contains(/add project|\\+ project/i).should('not.exist');\n// If projects exist, they should not have edit/delete buttons\ncy.get('body').then($body => {\n  if ($body.find('[title=\"Edit\"], [aria-label*=\"edit\" i]').length > 0) {\n    cy.get('[title=\"Edit\"], [aria-label*=\"edit\" i]').should('not.exist');\n  }\n});",
              "err": {},
              "uuid": "5c14f420-ecce-4bdf-bf2e-336fa4b7e9eb",
              "parentUUID": "1ed4108f-54c7-4b22-af8a-43437b4b085c",
              "isHook": false,
              "skipped": true
            },
            {
              "title": "should show loading state during project creation",
              "fullTitle": "Admin Project Creation should show loading state during project creation",
              "timedOut": null,
              "duration": 0,
              "state": "skipped",
              "speed": null,
              "pass": false,
              "fail": false,
              "pending": false,
              "context": null,
              "code": "cy.visit('/projects/new');\n// Intercept and delay the API request\ncy.intercept('POST', '**/api/projects', {\n  delay: 1000,\n  statusCode: 201,\n  body: {\n    success: true\n  }\n}).as('createProject');\ncy.get('input[name=\"title\"]').type('Loading Test Project');\ncy.get('input[name=\"firstname\"]').type('John');\ncy.get('input[name=\"lastname\"]').type('Doe');\ncy.get('input[name=\"completion\"]').type('2024-12-31');\ncy.get('textarea[name=\"description\"]').type('Test description');\ncy.get('form').within(() => {\n  cy.get('button[type=\"submit\"]').click();\n});\n// Check for loading state\ncy.get('button[type=\"submit\"]').should('be.disabled');\ncy.wait('@createProject');",
              "err": {},
              "uuid": "a0bcb2f3-3a31-4a84-a515-807a45d18157",
              "parentUUID": "1ed4108f-54c7-4b22-af8a-43437b4b085c",
              "isHook": false,
              "skipped": true
            }
          ],
          "suites": [],
          "passes": [],
          "failures": [
            "633a45c5-00aa-4a4e-8c0d-11f5100c4175"
          ],
          "pending": [],
          "skipped": [
            "b2f991cb-ff1b-4883-9d4c-b34ee39f39cc",
            "b2ca5b92-55ad-4dd1-bb56-5f4a4e69e141",
            "531e774a-c0a7-47fe-9b1e-1129639597db",
            "b35f0a3c-4059-44dd-a58a-c5e0b8aadffd",
            "db385476-6545-4cd5-ac27-43b37dfc6b78",
            "3ad01c87-188a-4d11-9ef3-1d6d14d8e4e7",
            "d6363bf0-7d34-417c-9e83-3802921551dd",
            "2eb45ae6-2722-44a8-b992-c5d5841d72b3",
            "5c14f420-ecce-4bdf-bf2e-336fa4b7e9eb",
            "a0bcb2f3-3a31-4a84-a515-807a45d18157"
          ],
          "duration": 844,
          "root": false,
          "rootEmpty": false,
          "_timeout": 2000
        }
      ],
      "passes": [],
      "failures": [],
      "pending": [],
      "skipped": [],
      "duration": 0,
      "root": true,
      "rootEmpty": true,
      "_timeout": 2000
    }
  ],
  "meta": {
    "mocha": {
      "version": "7.2.0"
    },
    "mochawesome": {
      "options": {
        "quiet": false,
        "reportFilename": "mochawesome",
        "saveHtml": true,
        "saveJson": true,
        "consoleReporter": "spec",
        "useInlineDiffs": false,
        "code": true
      },
      "version": "7.1.4"
    },
    "marge": {
      "options": {
        "reportDir": "cypress/reports",
        "overwrite": false,
        "html": true,
        "json": true,
        "timestamp": "mmddyyyy_HHMMss"
      },
      "version": "6.3.2"
    }
  }
}